[uwsgi-static] added check for /home/zhou/hit-software_Test/Commission
*** Starting uWSGI 2.0.16 (64bit) on [Tue Jun 12 09:48:24 2018] ***
compiled with version: 5.4.0 20160609 on 13 February 2018 03:35:47
os: Linux-4.4.0-105-generic #128-Ubuntu SMP Thu Dec 14 12:42:11 UTC 2017
nodename: iZ2ze3w1ms9f0ix1uehuxdZ
machine: x86_64
clock source: unix
pcre jit disabled
detected number of CPU cores: 1
current working directory: /home/zhou/hit-software_Test/Commission/sellsGun
detected binary path: /usr/local/bin/uwsgi
dropping root privileges as early as possible
*** WARNING: you are running uWSGI without its master process manager ***
your processes number limit is 7857
your memory page size is 4096 bytes
detected max file descriptor number: 65535
building mime-types dictionary from file /etc/mime.types...552 entry found
lock engine: pthread robust mutexes
thunder lock: disabled (you can enable it with --thunder-lock)
uWSGI http bound on :8001 fd 4
spawned uWSGI http 1 (pid: 6863)
uwsgi socket 0 bound to TCP address 127.0.0.1:44152 (port auto-assigned) fd 3
dropping root privileges after socket binding
Python version: 3.5.2 (default, Nov 23 2017, 16:37:01)  [GCC 5.4.0 20160609]
*** Python threads support is disabled. You can enable it with --enable-threads ***
Python main interpreter initialized at 0x14b5ba0
dropping root privileges after plugin initialization
your server socket listen backlog is limited to 100 connections
your mercy for graceful operations on workers is 60 seconds
mapped 72904 bytes (71 KB) for 1 cores
*** Operational MODE: single process ***
ImportError: No module named 'Commission'
unable to load app 0 (mountpoint='') (callable not found or import error)
*** no app loaded. going in full dynamic mode ***
dropping root privileges after application loading
*** uWSGI is running in multiple interpreter mode ***
spawned uWSGI worker 1 (and the only) (pid: 6862, cores: 1)
--- no python application found, check your startup logs for errors ---
[pid: 6862|app: -1|req: -1/1] 219.217.246.174 () {36 vars in 649 bytes} [Tue Jun 12 09:49:57 2018] GET / => generated 21 bytes in 0 msecs (HTTP/1.1 500) 2 headers in 83 bytes (0 switches on core 0)
--- no python application found, check your startup logs for errors ---
[pid: 6862|app: -1|req: -1/2] 219.217.246.174 () {36 vars in 635 bytes} [Tue Jun 12 09:49:57 2018] GET /favicon.ico => generated 21 bytes in 0 msecs (HTTP/1.1 500) 2 headers in 83 bytes (0 switches on core 0)
--- no python application found, check your startup logs for errors ---
[pid: 6862|app: -1|req: -1/3] 219.217.246.174 () {36 vars in 649 bytes} [Tue Jun 12 09:50:24 2018] GET / => generated 21 bytes in 0 msecs (HTTP/1.1 500) 2 headers in 83 bytes (0 switches on core 0)
--- no python application found, check your startup logs for errors ---
[pid: 6862|app: -1|req: -1/4] 219.217.246.174 () {36 vars in 636 bytes} [Tue Jun 12 09:50:24 2018] GET /favicon.ico => generated 21 bytes in 0 msecs (HTTP/1.1 500) 2 headers in 83 bytes (0 switches on core 0)
--- no python application found, check your startup logs for errors ---
[pid: 6862|app: -1|req: -1/5] 219.217.246.174 () {38 vars in 783 bytes} [Tue Jun 12 09:50:40 2018] GET / => generated 21 bytes in 0 msecs (HTTP/1.1 500) 2 headers in 83 bytes (0 switches on core 0)
